Lab report for Linked List Lab - groman
Timestamp: 2013-10-03 00:16:27

|  :scenario |                                :title |                   :result | :score |
|------------+---------------------------------------+---------------------------+--------|
|    working | Test student code vs instructor tests |                    Errors |      0 |
| qualifying | Test student tests vs instructor code |                    Errors |      0 |
| qualifying |           Qualifying Scenarios Failed | No further scenarios run. |      0 |
|      total |                           Total Score |                           |      0 |

Details:


** Details for Test student code vs instructor tests

E

Errors:

  1) java.lang.RuntimeException: Too many arguments to if, compiling:(linked_lists/core.clj:102:4)
     java.lang.RuntimeException: Too many arguments to if, compiling:(linked_lists/core.clj:102:4)
     	... 34 stack levels elided ...
     	at linked_lists.core_spec$eval874$loading__4910__auto____875.invoke(/home/grader/quarry/linked-list-lab/groman/working/spec/linked_lists/core_spec.clj:1)
     	at linked_lists.core_spec$eval874.invoke(/home/grader/quarry/linked-list-lab/groman/working/spec/linked_lists/core_spec.clj:1)
     	... 25 stack levels elided ...
     Caused by: java.lang.RuntimeException: Too many arguments to if
     	... 36 stack levels elided ...
     	at linked_lists.core_spec$eval874$loading__4910__auto____875.invoke(/home/grader/quarry/linked-list-lab/groman/working/spec/linked_lists/core_spec.clj:1)
     	at linked_lists.core_spec$eval874.invoke(/home/grader/quarry/linked-list-lab/groman/working/spec/linked_lists/core_spec.clj:1)
     	... 25 stack levels elided ...

Finished in 0.00000 seconds
1 examples, 0 failures, 1 errors


** Details for Test student tests vs instructor code

E.......

Errors:

  1) clojure.lang.ArityException: Wrong number of args (6) passed to: core$should, compiling:(/home/grader/quarry/linked-list-lab/groman/qualifying/spec/linked_lists/core_spec.clj:37:15)
     clojure.lang.ArityException: Wrong number of args (6) passed to: core$should, compiling:(/home/grader/quarry/linked-list-lab/groman/qualifying/spec/linked_lists/core_spec.clj:37:15)
     	... 95 stack levels elided ...
     Caused by: clojure.lang.ArityException: Wrong number of args (6) passed to: core$should
     	... 96 stack levels elided ...

Finished in 0.00160 seconds
8 examples, 0 failures, 1 errors
