Lab report for  - jkupiec
Timestamp: 2013-10-11 13:29:23

|  :scenario |                                :title |                   :result | :score |
|------------+---------------------------------------+---------------------------+--------|
|    working | Test student code vs instructor tests |                    Errors |      0 |
| qualifying | Test student tests vs instructor code |                      Fail |      2 |
| qualifying |           Qualifying Scenarios Failed | No further scenarios run. |      0 |
|      total |                           Total Score |                           |      2 |

Details:


** Details for Test student code vs instructor tests

E

Errors:

  1) java.lang.RuntimeException: EOF while reading, starting at line 79, compiling:(fifolifo/core.clj:84:1)
     java.lang.RuntimeException: EOF while reading, starting at line 79, compiling:(fifolifo/core.clj:84:1)
     	... 18 stack levels elided ...
     	at fifolifo.core_spec$eval874$loading__4910__auto____875.invoke(/home/grader/quarry/fifolifo-lab/jkupiec/working/spec/fifolifo/core_spec.clj:1)
     	at fifolifo.core_spec$eval874.invoke(/home/grader/quarry/fifolifo-lab/jkupiec/working/spec/fifolifo/core_spec.clj:1)
     	... 25 stack levels elided ...
     Caused by: java.lang.RuntimeException: EOF while reading, starting at line 79
     	... 26 stack levels elided ...
     	at fifolifo.core_spec$eval874$loading__4910__auto____875.invoke(/home/grader/quarry/fifolifo-lab/jkupiec/working/spec/fifolifo/core_spec.clj:1)
     	at fifolifo.core_spec$eval874.invoke(/home/grader/quarry/fifolifo-lab/jkupiec/working/spec/fifolifo/core_spec.clj:1)
     	... 25 stack levels elided ...

Finished in 0.00000 seconds
1 examples, 0 failures, 1 errors


** Details for Test student tests vs instructor code

..F..FF

Failures:

  1) The stack declaration should have a size of zero.
     Expected: 0
          got: nil (using =)
     /home/grader/quarry/fifolifo-lab/jkupiec/qualifying/spec/fifolifo/core_spec.clj:21

  2) The queue declaration should have a size of zero.
     Expected: 0
          got: nil (using =)
     /home/grader/quarry/fifolifo-lab/jkupiec/qualifying/spec/fifolifo/core_spec.clj:34

  3) inaction should have some tests at some point.
     Expected truthy but was: false
     /home/grader/quarry/fifolifo-lab/jkupiec/qualifying/spec/fifolifo/core_spec.clj:40

Finished in 0.01086 seconds
7 examples, 3 failures
