Lab report for BST Lab - wmolchan
Timestamp: 2013-11-23 14:04:57

|  :scenario |                                :title |                   :result | :score |
|------------+---------------------------------------+---------------------------+--------|
|    working | Test student code vs instructor tests |                    Errors |      0 |
| qualifying | Test student tests vs instructor code |                      Fail |      3 |
| qualifying |           Qualifying Scenarios Failed | No further scenarios run. |      0 |
|      total |                           Total Score |                           |      3 |

Details:


** Details for Test student code vs instructor tests

E

Errors:

  1) java.lang.IllegalArgumentException: No matching ctor found for class bst.core.BNode, compiling:(bst/core.clj:41:30)
     java.lang.IllegalArgumentException: No matching ctor found for class bst.core.BNode, compiling:(bst/core.clj:41:30)
     	... 61 stack levels elided ...
     	at bst.core_spec$eval874$loading__4910__auto____875.invoke(/home/grader/quarry/bst-lab/wmolchan/running/spec/bst/core_spec.clj:1)
     	at bst.core_spec$eval874.invoke(/home/grader/quarry/bst-lab/wmolchan/running/spec/bst/core_spec.clj:1)
     	... 25 stack levels elided ...
     Caused by: java.lang.IllegalArgumentException: No matching ctor found for class bst.core.BNode
     	... 63 stack levels elided ...
     	at bst.core_spec$eval874$loading__4910__auto____875.invoke(/home/grader/quarry/bst-lab/wmolchan/running/spec/bst/core_spec.clj:1)
     	at bst.core_spec$eval874.invoke(/home/grader/quarry/bst-lab/wmolchan/running/spec/bst/core_spec.clj:1)
     	... 25 stack levels elided ...

Finished in 0.00000 seconds
1 examples, 0 failures, 1 errors


** Details for Test student tests vs instructor code

WARNING: find already refers to: #'clojure.core/find in namespace: bst.core, being replaced by: #'bst.core/find
WARNING: find already refers to: #'clojure.core/find in namespace: bst.core-spec, being replaced by: #'bst.core/find
....FFFF.....

Failures:

  1) find-key should check both sides
     Expected truthy but was: nil
     /home/grader/quarry/bst-lab/wmolchan/running/spec/bst/core_spec.clj:26

  2) find-key should check both sides
     Expected truthy but was: nil
     /home/grader/quarry/bst-lab/wmolchan/running/spec/bst/core_spec.clj:27

  3) find-key should check both sides
     Expected truthy but was: nil
     /home/grader/quarry/bst-lab/wmolchan/running/spec/bst/core_spec.clj:28

  4) find-key should check both sides
     Expected truthy but was: nil
     /home/grader/quarry/bst-lab/wmolchan/running/spec/bst/core_spec.clj:29

Finished in 0.00705 seconds
13 examples, 4 failures
