Lab report for  - jyeung
Timestamp: 2013-09-23 17:39:02

|  :scenario |                                :title |                   :result | :score |
|------------+---------------------------------------+---------------------------+--------|
|    working | Test student code vs instructor tests |                    Errors |      0 |
| qualifying | Test student tests vs instructor code |                      Fail |      2 |
| qualifying |           Qualifying Scenarios Failed | No further scenarios run. |      0 |
|      total |                           Total Score |                           |      2 |

Details:


** Details for Test student code vs instructor tests

E

Errors:

  1) java.lang.RuntimeException: Expecting var, but Cons is mapped to class linked_lists.core.Cons, compiling:(linked_lists/core.clj:44:15)
     java.lang.RuntimeException: Expecting var, but Cons is mapped to class linked_lists.core.Cons, compiling:(linked_lists/core.clj:44:15)
     	... 46 stack levels elided ...
     	at linked_lists.core_spec$eval874$loading__4910__auto____875.invoke(/home/grader/quarry/linked-list-lab/jyeung/working/spec/linked_lists/core_spec.clj:1)
     	at linked_lists.core_spec$eval874.invoke(/home/grader/quarry/linked-list-lab/jyeung/working/spec/linked_lists/core_spec.clj:1)
     	... 25 stack levels elided ...
     Caused by: java.lang.RuntimeException: Expecting var, but Cons is mapped to class linked_lists.core.Cons
     	... 50 stack levels elided ...
     	at linked_lists.core_spec$eval874$loading__4910__auto____875.invoke(/home/grader/quarry/linked-list-lab/jyeung/working/spec/linked_lists/core_spec.clj:1)
     	at linked_lists.core_spec$eval874.invoke(/home/grader/quarry/linked-list-lab/jyeung/working/spec/linked_lists/core_spec.clj:1)
     	... 25 stack levels elided ...

Finished in 0.00000 seconds
1 examples, 0 failures, 1 errors


** Details for Test student tests vs instructor code

.......FFFFFF

Failures:

  1) insert-at-end never had a test case.
     Expected truthy but was: nil
     /home/grader/quarry/linked-list-lab/jyeung/qualifying/spec/linked_lists/core_spec.clj:37

  2) sorted insert never had a test case.
     Expected truthy but was: nil
     /home/grader/quarry/linked-list-lab/jyeung/qualifying/spec/linked_lists/core_spec.clj:42

  3) search never had a test case.
     Expected truthy but was: nil
     /home/grader/quarry/linked-list-lab/jyeung/qualifying/spec/linked_lists/core_spec.clj:47

  4) delete never had a test case.
     Expected truthy but was: nil
     /home/grader/quarry/linked-list-lab/jyeung/qualifying/spec/linked_lists/core_spec.clj:52

  5) delete-all never had a test case.
     Expected truthy but was: nil
     /home/grader/quarry/linked-list-lab/jyeung/qualifying/spec/linked_lists/core_spec.clj:57

  6) efficient-delete never had a test case.
     Expected truthy but was: nil
     /home/grader/quarry/linked-list-lab/jyeung/qualifying/spec/linked_lists/core_spec.clj:62

Finished in 0.02009 seconds
13 examples, 6 failures
